This is pdfTeX, Version 3.14159265-2.6-1.40.20 (TeX Live 2019/Debian) (preloaded format=pdflatex 2023.4.24)  25 MAY 2023 22:45
entering extended mode
 restricted \write18 enabled.
 file:line:error style messages enabled.
 %&-line parsing enabled.
**/home/amm/Dropbox/SP23/ECE276B/ECE276B_PR2/report/conference_101719.tex
(/home/amm/Dropbox/SP23/ECE276B/ECE276B_PR2/report/conference_101719.tex
LaTeX2e <2020-02-02> patch level 2
L3 programming layer <2020-02-14> (/home/amm/Dropbox/SP23/ECE276B/ECE276B_PR2/report/IEEEtran.cls
Document Class: IEEEtran 2015/08/26 V1.8b by Michael Shell
-- See the "IEEEtran_HOWTO" manual for usage information.
-- http://www.michaelshell.org/tex/ieeetran/
\@IEEEtrantmpdimenA=\dimen134
\@IEEEtrantmpdimenB=\dimen135
\@IEEEtrantmpdimenC=\dimen136
\@IEEEtrantmpcountA=\count167
\@IEEEtrantmpcountB=\count168
\@IEEEtrantmpcountC=\count169
\@IEEEtrantmptoksA=\toks14
LaTeX Font Info:    Trying to load font information for OT1+ptm on input line 503.
(/usr/share/texlive/texmf-dist/tex/latex/psnfss/ot1ptm.fd
File: ot1ptm.fd 2001/06/04 font definitions for OT1/ptm.
)
-- Using 8.5in x 11in (letter) paper.
-- Using PDF output.
\@IEEEnormalsizeunitybaselineskip=\dimen137
-- This is a 10 point document.
\CLASSINFOnormalsizebaselineskip=\dimen138
\CLASSINFOnormalsizeunitybaselineskip=\dimen139
\IEEEnormaljot=\dimen140
LaTeX Font Info:    Font shape `OT1/ptm/bx/n' in size <5> not available
(Font)              Font shape `OT1/ptm/b/n' tried instead on input line 1090.
LaTeX Font Info:    Font shape `OT1/ptm/bx/it' in size <5> not available
(Font)              Font shape `OT1/ptm/b/it' tried instead on input line 1090.
LaTeX Font Info:    Font shape `OT1/ptm/bx/n' in size <7> not available
(Font)              Font shape `OT1/ptm/b/n' tried instead on input line 1090.
LaTeX Font Info:    Font shape `OT1/ptm/bx/it' in size <7> not available
(Font)              Font shape `OT1/ptm/b/it' tried instead on input line 1090.
LaTeX Font Info:    Font shape `OT1/ptm/bx/n' in size <8> not available
(Font)              Font shape `OT1/ptm/b/n' tried instead on input line 1090.
LaTeX Font Info:    Font shape `OT1/ptm/bx/it' in size <8> not available
(Font)              Font shape `OT1/ptm/b/it' tried instead on input line 1090.
LaTeX Font Info:    Font shape `OT1/ptm/bx/n' in size <9> not available
(Font)              Font shape `OT1/ptm/b/n' tried instead on input line 1090.
LaTeX Font Info:    Font shape `OT1/ptm/bx/it' in size <9> not available
(Font)              Font shape `OT1/ptm/b/it' tried instead on input line 1090.
LaTeX Font Info:    Font shape `OT1/ptm/bx/n' in size <10> not available
(Font)              Font shape `OT1/ptm/b/n' tried instead on input line 1090.
LaTeX Font Info:    Font shape `OT1/ptm/bx/it' in size <10> not available
(Font)              Font shape `OT1/ptm/b/it' tried instead on input line 1090.
LaTeX Font Info:    Font shape `OT1/ptm/bx/n' in size <11> not available
(Font)              Font shape `OT1/ptm/b/n' tried instead on input line 1090.
LaTeX Font Info:    Font shape `OT1/ptm/bx/it' in size <11> not available
(Font)              Font shape `OT1/ptm/b/it' tried instead on input line 1090.
LaTeX Font Info:    Font shape `OT1/ptm/bx/n' in size <12> not available
(Font)              Font shape `OT1/ptm/b/n' tried instead on input line 1090.
LaTeX Font Info:    Font shape `OT1/ptm/bx/it' in size <12> not available
(Font)              Font shape `OT1/ptm/b/it' tried instead on input line 1090.
LaTeX Font Info:    Font shape `OT1/ptm/bx/n' in size <17> not available
(Font)              Font shape `OT1/ptm/b/n' tried instead on input line 1090.
LaTeX Font Info:    Font shape `OT1/ptm/bx/it' in size <17> not available
(Font)              Font shape `OT1/ptm/b/it' tried instead on input line 1090.
LaTeX Font Info:    Font shape `OT1/ptm/bx/n' in size <20> not available
(Font)              Font shape `OT1/ptm/b/n' tried instead on input line 1090.
LaTeX Font Info:    Font shape `OT1/ptm/bx/it' in size <20> not available
(Font)              Font shape `OT1/ptm/b/it' tried instead on input line 1090.
LaTeX Font Info:    Font shape `OT1/ptm/bx/n' in size <24> not available
(Font)              Font shape `OT1/ptm/b/n' tried instead on input line 1090.
LaTeX Font Info:    Font shape `OT1/ptm/bx/it' in size <24> not available
(Font)              Font shape `OT1/ptm/b/it' tried instead on input line 1090.
\IEEEquantizedlength=\dimen141
\IEEEquantizedlengthdiff=\dimen142
\IEEEquantizedtextheightdiff=\dimen143
\IEEEilabelindentA=\dimen144
\IEEEilabelindentB=\dimen145
\IEEEilabelindent=\dimen146
\IEEEelabelindent=\dimen147
\IEEEdlabelindent=\dimen148
\IEEElabelindent=\dimen149
\IEEEiednormlabelsep=\dimen150
\IEEEiedmathlabelsep=\dimen151
\IEEEiedtopsep=\skip47
\c@section=\count170
\c@subsection=\count171
\c@subsubsection=\count172
\c@paragraph=\count173
\c@IEEEsubequation=\count174
\abovecaptionskip=\skip48
\belowcaptionskip=\skip49
\c@figure=\count175
\c@table=\count176
\@IEEEeqnnumcols=\count177
\@IEEEeqncolcnt=\count178
\@IEEEsubeqnnumrollback=\count179
\@IEEEquantizeheightA=\dimen152
\@IEEEquantizeheightB=\dimen153
\@IEEEquantizeheightC=\dimen154
\@IEEEquantizeprevdepth=\dimen155
\@IEEEquantizemultiple=\count180
\@IEEEquantizeboxA=\box45
\@IEEEtmpitemindent=\dimen156
\IEEEPARstartletwidth=\dimen157
\c@IEEEbiography=\count181
\@IEEEtranrubishbin=\box46
)
** ATTENTION: Overriding command lockouts (line 2).
(/usr/share/texlive/texmf-dist/tex/latex/cite/cite.sty
LaTeX Info: Redefining \cite on input line 302.
LaTeX Info: Redefining \nocite on input line 332.
Package: cite 2015/02/27  v 5.5
) (/usr/share/texlive/texmf-dist/tex/latex/amsmath/amsmath.sty
Package: amsmath 2020/01/20 v2.17e AMS math features
\@mathmargin=\skip50

For additional information on amsmath, use the `?' option.
(/usr/share/texlive/texmf-dist/tex/latex/amsmath/amstext.sty
Package: amstext 2000/06/29 v2.01 AMS text
 (/usr/share/texlive/texmf-dist/tex/latex/amsmath/amsgen.sty
File: amsgen.sty 1999/11/30 v2.0 generic functions
\@emptytoks=\toks15
\ex@=\dimen158
)) (/usr/share/texlive/texmf-dist/tex/latex/amsmath/amsbsy.sty
Package: amsbsy 1999/11/29 v1.2d Bold Symbols
\pmbraise@=\dimen159
) (/usr/share/texlive/texmf-dist/tex/latex/amsmath/amsopn.sty
Package: amsopn 2016/03/08 v2.02 operator names
)
\inf@bad=\count182
LaTeX Info: Redefining \frac on input line 227.
\uproot@=\count183
\leftroot@=\count184
LaTeX Info: Redefining \overline on input line 389.
\classnum@=\count185
\DOTSCASE@=\count186
LaTeX Info: Redefining \ldots on input line 486.
LaTeX Info: Redefining \dots on input line 489.
LaTeX Info: Redefining \cdots on input line 610.
\Mathstrutbox@=\box47
\strutbox@=\box48
\big@size=\dimen160
LaTeX Font Info:    Redeclaring font encoding OML on input line 733.
LaTeX Font Info:    Redeclaring font encoding OMS on input line 734.
\macc@depth=\count187
\c@MaxMatrixCols=\count188
\dotsspace@=\muskip16
\c@parentequation=\count189
\dspbrk@lvl=\count190
\tag@help=\toks16
\row@=\count191
\column@=\count192
\maxfields@=\count193
\andhelp@=\toks17
\eqnshift@=\dimen161
\alignsep@=\dimen162
\tagshift@=\dimen163
\tagwidth@=\dimen164
\totwidth@=\dimen165
\lineht@=\dimen166
\@envbody=\toks18
\multlinegap=\skip51
\multlinetaggap=\skip52
\mathdisplay@stack=\toks19
LaTeX Info: Redefining \[ on input line 2859.
LaTeX Info: Redefining \] on input line 2860.
) (/usr/share/texlive/texmf-dist/tex/latex/amsfonts/amssymb.sty
Package: amssymb 2013/01/14 v3.01 AMS font symbols
 (/usr/share/texlive/texmf-dist/tex/latex/amsfonts/amsfonts.sty
Package: amsfonts 2013/01/14 v3.01 Basic AMSFonts support
\symAMSa=\mathgroup4
\symAMSb=\mathgroup5
LaTeX Font Info:    Redeclaring math symbol \hbar on input line 98.
LaTeX Font Info:    Overwriting math alphabet `\mathfrak' in version `bold'
(Font)                  U/euf/m/n --> U/euf/b/n on input line 106.
)) (/usr/share/texlive/texmf-dist/tex/latex/algorithms/algorithm.sty
Package: algorithm 2009/08/24 v0.1 Document Style `algorithm' - floating environment
 (/usr/share/texlive/texmf-dist/tex/latex/float/float.sty
Package: float 2001/11/08 v1.3d Float enhancements (AL)
\c@float@type=\count194
\float@exts=\toks20
\float@box=\box49
\@float@everytoks=\toks21
\@floatcapt=\box50
) (/usr/share/texlive/texmf-dist/tex/latex/base/ifthen.sty
Package: ifthen 2014/09/29 v1.1c Standard LaTeX ifthen package (DPC)
)
\@float@every@algorithm=\toks22
\c@algorithm=\count195
) (/usr/share/texlive/texmf-dist/tex/latex/algorithms/algorithmic.sty
Package: algorithmic 2009/08/24 v0.1 Document Style `algorithmic'
 (/usr/share/texlive/texmf-dist/tex/latex/graphics/keyval.sty
Package: keyval 2014/10/28 v1.15 key=value parser (DPC)
\KV@toks@=\toks23
)
\c@ALC@unique=\count196
\c@ALC@line=\count197
\c@ALC@rem=\count198
\c@ALC@depth=\count199
\ALC@tlm=\skip53
\algorithmicindent=\skip54
) (/usr/share/texlive/texmf-dist/tex/latex/graphics/graphicx.sty
Package: graphicx 2019/11/30 v1.2a Enhanced LaTeX Graphics (DPC,SPQR)
 (/usr/share/texlive/texmf-dist/tex/latex/graphics/graphics.sty
Package: graphics 2019/11/30 v1.4a Standard LaTeX Graphics (DPC,SPQR)
 (/usr/share/texlive/texmf-dist/tex/latex/graphics/trig.sty
Package: trig 2016/01/03 v1.10 sin cos tan (DPC)
) (/usr/share/texlive/texmf-dist/tex/latex/graphics-cfg/graphics.cfg
File: graphics.cfg 2016/06/04 v1.11 sample graphics configuration
)
Package graphics Info: Driver file: pdftex.def on input line 105.
 (/usr/share/texlive/texmf-dist/tex/latex/graphics-def/pdftex.def
File: pdftex.def 2018/01/08 v1.0l Graphics/color driver for pdftex
))
\Gin@req@height=\dimen167
\Gin@req@width=\dimen168
) (/usr/share/texlive/texmf-dist/tex/latex/base/textcomp.sty
Package: textcomp 2020/02/02 v2.0n Standard LaTeX package
) (/usr/share/texlive/texmf-dist/tex/latex/xcolor/xcolor.sty
Package: xcolor 2016/05/11 v2.12 LaTeX color extensions (UK)
 (/usr/share/texlive/texmf-dist/tex/latex/graphics-cfg/color.cfg
File: color.cfg 2016/01/02 v1.6 sample color configuration
)
Package xcolor Info: Driver file: pdftex.def on input line 225.
Package xcolor Info: Model `cmy' substituted by `cmy0' on input line 1348.
Package xcolor Info: Model `hsb' substituted by `rgb' on input line 1352.
Package xcolor Info: Model `RGB' extended on input line 1364.
Package xcolor Info: Model `HTML' substituted by `rgb' on input line 1366.
Package xcolor Info: Model `Hsb' substituted by `hsb' on input line 1367.
Package xcolor Info: Model `tHsb' substituted by `hsb' on input line 1368.
Package xcolor Info: Model `HSB' substituted by `hsb' on input line 1369.
Package xcolor Info: Model `Gray' substituted by `gray' on input line 1370.
Package xcolor Info: Model `wave' substituted by `hsb' on input line 1371.
) (/usr/share/texlive/texmf-dist/tex/latex/l3backend/l3backend-pdfmode.def
File: l3backend-pdfmode.def 2020-02-03 L3 backend support: PDF mode
\l__kernel_color_stack_int=\count266
\l__pdf_internal_box=\box51
) (/home/amm/Dropbox/SP23/ECE276B/ECE276B_PR2/report/conference_101719.aux)
\openout1 = `conference_101719.aux'.

LaTeX Font Info:    Checking defaults for OML/cmm/m/it on input line 13.
LaTeX Font Info:    ... okay on input line 13.
LaTeX Font Info:    Checking defaults for OMS/cmsy/m/n on input line 13.
LaTeX Font Info:    ... okay on input line 13.
LaTeX Font Info:    Checking defaults for OT1/cmr/m/n on input line 13.
LaTeX Font Info:    ... okay on input line 13.
LaTeX Font Info:    Checking defaults for T1/cmr/m/n on input line 13.
LaTeX Font Info:    ... okay on input line 13.
LaTeX Font Info:    Checking defaults for TS1/cmr/m/n on input line 13.
LaTeX Font Info:    ... okay on input line 13.
LaTeX Font Info:    Checking defaults for OMX/cmex/m/n on input line 13.
LaTeX Font Info:    ... okay on input line 13.
LaTeX Font Info:    Checking defaults for U/cmr/m/n on input line 13.
LaTeX Font Info:    ... okay on input line 13.

-- Lines per column: 56 (exact).
(/usr/share/texlive/texmf-dist/tex/context/base/mkii/supp-pdf.mkii
[Loading MPS to PDF converter (version 2006.09.02).]
\scratchcounter=\count267
\scratchdimen=\dimen169
\scratchbox=\box52
\nofMPsegments=\count268
\nofMParguments=\count269
\everyMPshowfont=\toks24
\MPscratchCnt=\count270
\MPscratchDim=\dimen170
\MPnumerator=\count271
\makeMPintoPDFobject=\count272
\everyMPtoPDFconversion=\toks25
) (/usr/share/texlive/texmf-dist/tex/latex/epstopdf-pkg/epstopdf-base.sty
Package: epstopdf-base 2020-01-24 v2.11 Base part for package epstopdf
Package epstopdf-base Info: Redefining graphics rule for `.eps' on input line 485.
 (/usr/share/texlive/texmf-dist/tex/latex/latexconfig/epstopdf-sys.cfg
File: epstopdf-sys.cfg 2010/07/13 v1.3 Configuration of (r)epstopdf for TeX Live
))
<flappy_bird_astar.png, id=1, 1387.584pt x 723.4227pt>
File: flappy_bird_astar.png Graphic file (type png)
<use flappy_bird_astar.png>
Package pdftex.def Info: flappy_bird_astar.png  used on input line 44.
(pdftex.def)             Requested size: 258.0pt x 134.50446pt.

Overfull \hbox (6.0pt too wide) in paragraph at lines 44--45
 [][] 
 []

LaTeX Font Info:    Trying to load font information for U+msa on input line 56.
(/usr/share/texlive/texmf-dist/tex/latex/amsfonts/umsa.fd
File: umsa.fd 2013/01/14 v3.01 AMS symbols A
)
LaTeX Font Info:    Trying to load font information for U+msb on input line 56.
 (/usr/share/texlive/texmf-dist/tex/latex/amsfonts/umsb.fd
File: umsb.fd 2013/01/14 v3.01 AMS symbols B
) [1{/var/lib/texmf/fonts/map/pdftex/updmap/pdftex.map}


 </home/amm/Dropbox/SP23/ECE276B/ECE276B_PR2/report/flappy_bird_astar.png>]
Overfull \hbox (8.59999pt too wide) detected at line 96
 []$[]  \OML/cmm/m/it/10 a\OT1/cmr/m/n/10 (\OML/cmm/m/it/10 p[] \OT1/cmr/m/n/10 + \OML/cmm/m/it/10 t\OT1/cmr/m/n/10 (\OML/cmm/m/it/10 p[] \OMS/cmsy/m/n/10 ^^@ \OML/cmm/m/it/10 p[]\OT1/cmr/m/n/10 )) + \OML/cmm/m/it/10 b\OT1/cmr/m/n/10 (\OML/cmm/m/it/10 p[] \OT1/cmr/m/n/10 + \OML/cmm/m/it/10 t\OT1/cmr/m/n/10 (\OML/cmm/m/it/10 p[] \OMS/cmsy/m/n/10 ^^@ \OML/cmm/m/it/10 p[]\OT1/cmr/m/n/10 )) + \OML/cmm/m/it/10 c\OT1/cmr/m/n/10 (\OML/cmm/m/it/10 p[] \OT1/cmr/m/n/10 + \OML/cmm/m/it/10 t\OT1/cmr/m/n/10 (\OML/cmm/m/it/10 p[] \OMS/cmsy/m/n/10 ^^@ \OML/cmm/m/it/10 p[]\OT1/cmr/m/n/10 )) + \OML/cmm/m/it/10 d \OT1/cmr/m/n/10 = 0$ 
 []

[2]
LaTeX Font Info:    Trying to load font information for OMS+ptm on input line 210.
 (/usr/share/texlive/texmf-dist/tex/latex/psnfss/omsptm.fd
File: omsptm.fd 
)
LaTeX Font Info:    Font shape `OMS/ptm/m/n' in size <10> not available
(Font)              Font shape `OMS/cmsy/m/n' tried instead on input line 210.
 [3]

LaTeX Warning: `h' float specifier changed to `ht'.


LaTeX Warning: `h' float specifier changed to `ht'.


LaTeX Warning: `h' float specifier changed to `ht'.


Underfull \vbox (badness 1584) has occurred while \output is active []

 [4] [5]
<cube_astar.png, id=35, 1387.584pt x 703.9098pt>
File: cube_astar.png Graphic file (type png)
<use cube_astar.png>
Package pdftex.def Info: cube_astar.png  used on input line 366.
(pdftex.def)             Requested size: 309.60315pt x 157.05176pt.

Overfull \hbox (57.60315pt too wide) in paragraph at lines 366--367
 [][] 
 []

<maze_astar.png, id=36, 1387.584pt x 703.9098pt>
File: maze_astar.png Graphic file (type png)
<use maze_astar.png>
Package pdftex.def Info: maze_astar.png  used on input line 372.
(pdftex.def)             Requested size: 309.60315pt x 157.05176pt.

Overfull \hbox (57.60315pt too wide) in paragraph at lines 372--373
 [][] 
 []

File: flappy_bird_astar.png Graphic file (type png)
<use flappy_bird_astar.png>
Package pdftex.def Info: flappy_bird_astar.png  used on input line 378.
(pdftex.def)             Requested size: 309.60315pt x 161.40533pt.

Overfull \hbox (57.60315pt too wide) in paragraph at lines 378--379
 [][] 
 []

<monza_astar.png, id=37, 1387.584pt x 723.4227pt>
File: monza_astar.png Graphic file (type png)
<use monza_astar.png>
Package pdftex.def Info: monza_astar.png  used on input line 384.
(pdftex.def)             Requested size: 309.60315pt x 161.40533pt.

Overfull \hbox (57.60315pt too wide) in paragraph at lines 384--385
 [][] 
 []


Underfull \vbox (badness 5022) has occurred while \output is active []

<window_astar.png, id=38, 1387.584pt x 723.4227pt>
File: window_astar.png Graphic file (type png)
<use window_astar.png>
Package pdftex.def Info: window_astar.png  used on input line 390.
(pdftex.def)             Requested size: 309.60315pt x 161.40533pt.

Overfull \hbox (57.60315pt too wide) in paragraph at lines 390--391
 [][] 
 []

<tower_astar.png, id=39, 1387.584pt x 703.9098pt>
File: tower_astar.png Graphic file (type png)
<use tower_astar.png>
Package pdftex.def Info: tower_astar.png  used on input line 396.
(pdftex.def)             Requested size: 309.60315pt x 157.05176pt.

Overfull \hbox (57.60315pt too wide) in paragraph at lines 396--397
 [][] 
 []

<room_astar.png, id=40, 1387.584pt x 703.9098pt>
File: room_astar.png Graphic file (type png)
<use room_astar.png>
Package pdftex.def Info: room_astar.png  used on input line 402.
(pdftex.def)             Requested size: 309.60315pt x 157.05176pt.

Overfull \hbox (57.60315pt too wide) in paragraph at lines 402--403
 [][] 
 []


Underfull \vbox (badness 10000) has occurred while \output is active []

 [6 </home/amm/Dropbox/SP23/ECE276B/ECE276B_PR2/report/cube_astar.png> </home/amm/Dropbox/SP23/ECE276B/ECE276B_PR2/report/maze_astar.png> </home/amm/Dropbox/SP23/ECE276B/ECE276B_PR2/report/monza_astar.png> </home/amm/Dropbox/SP23/ECE276B/ECE276B_PR2/report/window_astar.png>]
<cube_astar_m.png, id=48, 462.528pt x 346.896pt>
File: cube_astar_m.png Graphic file (type png)
<use cube_astar_m.png>
Package pdftex.def Info: cube_astar_m.png  used on input line 409.
(pdftex.def)             Requested size: 309.60315pt x 232.21266pt.

Overfull \hbox (57.60315pt too wide) in paragraph at lines 409--410
 [][] 
 []

<maze_astar_m.png, id=49, 1387.584pt x 723.4227pt>
File: maze_astar_m.png Graphic file (type png)
<use maze_astar_m.png>
Package pdftex.def Info: maze_astar_m.png  used on input line 415.
(pdftex.def)             Requested size: 309.60315pt x 161.40533pt.

Overfull \hbox (57.60315pt too wide) in paragraph at lines 415--416
 [][] 
 []

<flappy_bird_astar_m.png, id=50, 1387.584pt x 723.4227pt>
File: flappy_bird_astar_m.png Graphic file (type png)
<use flappy_bird_astar_m.png>
Package pdftex.def Info: flappy_bird_astar_m.png  used on input line 421.
(pdftex.def)             Requested size: 309.60315pt x 161.40533pt.

Overfull \hbox (57.60315pt too wide) in paragraph at lines 421--422
 [][] 
 []

<monza_astar_m.png, id=51, 1387.584pt x 723.4227pt>
File: monza_astar_m.png Graphic file (type png)
<use monza_astar_m.png>
Package pdftex.def Info: monza_astar_m.png  used on input line 427.
(pdftex.def)             Requested size: 309.60315pt x 161.40533pt.

Overfull \hbox (57.60315pt too wide) in paragraph at lines 427--428
 [][] 
 []

<window_astar_o.png, id=52, 1387.584pt x 723.4227pt>
File: window_astar_o.png Graphic file (type png)
<use window_astar_o.png>
Package pdftex.def Info: window_astar_o.png  used on input line 433.
(pdftex.def)             Requested size: 309.60315pt x 161.40533pt.

Overfull \hbox (57.60315pt too wide) in paragraph at lines 433--434
 [][] 
 []

<tower_astar_m.png, id=53, 1387.584pt x 723.4227pt>
File: tower_astar_m.png Graphic file (type png)
<use tower_astar_m.png>
Package pdftex.def Info: tower_astar_m.png  used on input line 439.
(pdftex.def)             Requested size: 309.60315pt x 161.40533pt.

Overfull \hbox (57.60315pt too wide) in paragraph at lines 439--440
 [][] 
 []


Underfull \vbox (badness 10000) has occurred while \output is active []

 [7 </home/amm/Dropbox/SP23/ECE276B/ECE276B_PR2/report/tower_astar.png> </home/amm/Dropbox/SP23/ECE276B/ECE276B_PR2/report/room_astar.png> </home/amm/Dropbox/SP23/ECE276B/ECE276B_PR2/report/cube_astar_m.png> </home/amm/Dropbox/SP23/ECE276B/ECE276B_PR2/report/maze_astar_m.png> </home/amm/Dropbox/SP23/ECE276B/ECE276B_PR2/report/flappy_bird_astar_m.png> </home/amm/Dropbox/SP23/ECE276B/ECE276B_PR2/report/monza_astar_m.png>]
<room_astar_m.png, id=64, 1387.584pt x 703.9098pt>
File: room_astar_m.png Graphic file (type png)
<use room_astar_m.png>
Package pdftex.def Info: room_astar_m.png  used on input line 445.
(pdftex.def)             Requested size: 309.60315pt x 157.05176pt.

Overfull \hbox (57.60315pt too wide) in paragraph at lines 445--446
 [][] 
 []

<cube_rrt.png, id=65, 1387.584pt x 703.9098pt>
File: cube_rrt.png Graphic file (type png)
<use cube_rrt.png>
Package pdftex.def Info: cube_rrt.png  used on input line 452.
(pdftex.def)             Requested size: 309.60315pt x 157.05176pt.

Overfull \hbox (57.60315pt too wide) in paragraph at lines 452--453
 [][] 
 []

<maze_rrt.png, id=66, 1387.584pt x 723.4227pt>
File: maze_rrt.png Graphic file (type png)
<use maze_rrt.png>
Package pdftex.def Info: maze_rrt.png  used on input line 458.
(pdftex.def)             Requested size: 309.60315pt x 161.40533pt.

Overfull \hbox (57.60315pt too wide) in paragraph at lines 458--459
 [][] 
 []


Underfull \vbox (badness 10000) has occurred while \output is active []

<flappy_bird_rrt.png, id=67, 1387.584pt x 703.9098pt>
File: flappy_bird_rrt.png Graphic file (type png)
<use flappy_bird_rrt.png>
Package pdftex.def Info: flappy_bird_rrt.png  used on input line 464.
(pdftex.def)             Requested size: 309.60315pt x 157.05176pt.

Overfull \hbox (57.60315pt too wide) in paragraph at lines 464--465
 [][] 
 []

<monza_rrt.png, id=68, 1387.584pt x 703.9098pt>
File: monza_rrt.png Graphic file (type png)
<use monza_rrt.png>
Package pdftex.def Info: monza_rrt.png  used on input line 470.
(pdftex.def)             Requested size: 309.60315pt x 157.05176pt.

Overfull \hbox (57.60315pt too wide) in paragraph at lines 470--471
 [][] 
 []

<window_rrt.png, id=69, 1387.584pt x 703.9098pt>
File: window_rrt.png Graphic file (type png)
<use window_rrt.png>
Package pdftex.def Info: window_rrt.png  used on input line 476.
(pdftex.def)             Requested size: 309.60315pt x 157.05176pt.

Overfull \hbox (57.60315pt too wide) in paragraph at lines 476--477
 [][] 
 []


Underfull \vbox (badness 6825) has occurred while \output is active []

 [8 </home/amm/Dropbox/SP23/ECE276B/ECE276B_PR2/report/window_astar_o.png> </home/amm/Dropbox/SP23/ECE276B/ECE276B_PR2/report/tower_astar_m.png> </home/amm/Dropbox/SP23/ECE276B/ECE276B_PR2/report/room_astar_m.png> </home/amm/Dropbox/SP23/ECE276B/ECE276B_PR2/report/cube_rrt.png> </home/amm/Dropbox/SP23/ECE276B/ECE276B_PR2/report/maze_rrt.png> </home/amm/Dropbox/SP23/ECE276B/ECE276B_PR2/report/flappy_bird_rrt.png>]
<tower_rrt.png, id=79, 1387.584pt x 703.9098pt>
File: tower_rrt.png Graphic file (type png)
<use tower_rrt.png>
Package pdftex.def Info: tower_rrt.png  used on input line 482.
(pdftex.def)             Requested size: 309.60315pt x 157.05176pt.

Overfull \hbox (57.60315pt too wide) in paragraph at lines 482--483
 [][] 
 []

<room_rrt.png, id=80, 1387.584pt x 703.9098pt>
File: room_rrt.png Graphic file (type png)
<use room_rrt.png>
Package pdftex.def Info: room_rrt.png  used on input line 488.
(pdftex.def)             Requested size: 309.60315pt x 157.05176pt.

Overfull \hbox (57.60315pt too wide) in paragraph at lines 488--489
 [][] 
 []


Underfull \vbox (badness 10000) has occurred while \output is active []

<cube_rrt_b.png, id=81, 462.528pt x 346.896pt>
File: cube_rrt_b.png Graphic file (type png)
<use cube_rrt_b.png>
Package pdftex.def Info: cube_rrt_b.png  used on input line 495.
(pdftex.def)             Requested size: 309.60315pt x 232.21266pt.

Overfull \hbox (57.60315pt too wide) in paragraph at lines 495--496
 [][] 
 []

<maze_rrt_b.png, id=82, 1387.584pt x 723.4227pt>
File: maze_rrt_b.png Graphic file (type png)
<use maze_rrt_b.png>
Package pdftex.def Info: maze_rrt_b.png  used on input line 501.
(pdftex.def)             Requested size: 309.60315pt x 161.40533pt.

Overfull \hbox (57.60315pt too wide) in paragraph at lines 501--502
 [][] 
 []

<flappy_bird_rrt_b.png, id=83, 1387.584pt x 723.4227pt>
File: flappy_bird_rrt_b.png Graphic file (type png)
<use flappy_bird_rrt_b.png>
Package pdftex.def Info: flappy_bird_rrt_b.png  used on input line 507.
(pdftex.def)             Requested size: 309.60315pt x 161.40533pt.

Overfull \hbox (57.60315pt too wide) in paragraph at lines 507--508
 [][] 
 []

[9 </home/amm/Dropbox/SP23/ECE276B/ECE276B_PR2/report/monza_rrt.png> </home/amm/Dropbox/SP23/ECE276B/ECE276B_PR2/report/window_rrt.png> </home/amm/Dropbox/SP23/ECE276B/ECE276B_PR2/report/tower_rrt.png> </home/amm/Dropbox/SP23/ECE276B/ECE276B_PR2/report/room_rrt.png> </home/amm/Dropbox/SP23/ECE276B/ECE276B_PR2/report/cube_rrt_b.png> </home/amm/Dropbox/SP23/ECE276B/ECE276B_PR2/report/maze_rrt_b.png>]
<window_rrt_b.png, id=93, 1387.584pt x 723.4227pt>
File: window_rrt_b.png Graphic file (type png)
<use window_rrt_b.png>
Package pdftex.def Info: window_rrt_b.png  used on input line 514.
(pdftex.def)             Requested size: 309.60315pt x 161.40533pt.

Overfull \hbox (57.60315pt too wide) in paragraph at lines 514--515
 [][] 
 []

<tower_rrt_b.png, id=94, 1387.584pt x 703.9098pt>
File: tower_rrt_b.png Graphic file (type png)
<use tower_rrt_b.png>
Package pdftex.def Info: tower_rrt_b.png  used on input line 520.
(pdftex.def)             Requested size: 309.60315pt x 157.05176pt.

Overfull \hbox (57.60315pt too wide) in paragraph at lines 520--521
 [][] 
 []

<room_rrt_b.png, id=95, 1387.584pt x 703.9098pt>
File: room_rrt_b.png Graphic file (type png)
<use room_rrt_b.png>
Package pdftex.def Info: room_rrt_b.png  used on input line 526.
(pdftex.def)             Requested size: 309.60315pt x 157.05176pt.

Overfull \hbox (57.60315pt too wide) in paragraph at lines 526--527
 [][] 
 []

<monza_rrt_b.png, id=96, 1387.584pt x 723.4227pt>
File: monza_rrt_b.png Graphic file (type png)
<use monza_rrt_b.png>
Package pdftex.def Info: monza_rrt_b.png  used on input line 532.
(pdftex.def)             Requested size: 309.60315pt x 161.40533pt.

Overfull \hbox (57.60315pt too wide) in paragraph at lines 532--533
 [][] 
 []


Underfull \vbox (badness 10000) has occurred while \output is active []



** Conference Paper **
Before submitting the final camera ready copy, remember to:

 1. Manually equalize the lengths of two columns on the last page
 of your paper;

 2. Ensure that any PostScript and/or PDF output post-processing
 uses only Type 1 fonts and that every step in the generation
 process uses the appropriate paper size.

[10 </home/amm/Dropbox/SP23/ECE276B/ECE276B_PR2/report/flappy_bird_rrt_b.png> </home/amm/Dropbox/SP23/ECE276B/ECE276B_PR2/report/window_rrt_b.png> </home/amm/Dropbox/SP23/ECE276B/ECE276B_PR2/report/tower_rrt_b.png> </home/amm/Dropbox/SP23/ECE276B/ECE276B_PR2/report/room_rrt_b.png> </home/amm/Dropbox/SP23/ECE276B/ECE276B_PR2/report/monza_rrt_b.png>] (/home/amm/Dropbox/SP23/ECE276B/ECE276B_PR2/report/conference_101719.aux) ) 
Here is how much of TeX's memory you used:
 4190 strings out of 481239
 60985 string characters out of 5920377
 319375 words of memory out of 5000000
 19389 multiletter control sequences out of 15000+600000
 570442 words of font info for 96 fonts, out of 8000000 for 9000
 1141 hyphenation exceptions out of 8191
 30i,11n,37p,585b,601s stack positions out of 5000i,500n,10000p,200000b,80000s
{/usr/share/texlive/texmf-dist/fonts/enc/dvips/base/8r.enc}</usr/share/texlive/texmf-dist/fonts/type1/public/amsfonts/cm/cmex10.pfb></usr/share/texlive/texmf-dist/fonts/type1/public/amsfonts/cm/cmmi10.pfb></usr/share/texlive/texmf-dist/fonts/type1/public/amsfonts/cm/cmmi5.pfb></usr/share/texlive/texmf-dist/fonts/type1/public/amsfonts/cm/cmmi7.pfb></usr/share/texlive/texmf-dist/fonts/type1/public/amsfonts/cm/cmr10.pfb></usr/share/texlive/texmf-dist/fonts/type1/public/amsfonts/cm/cmr5.pfb></usr/share/texlive/texmf-dist/fonts/type1/public/amsfonts/cm/cmr7.pfb></usr/share/texlive/texmf-dist/fonts/type1/public/amsfonts/cm/cmsy10.pfb></usr/share/texlive/texmf-dist/fonts/type1/public/amsfonts/cm/cmsy7.pfb></usr/share/texlive/texmf-dist/fonts/type1/public/amsfonts/symbols/msbm10.pfb></usr/share/texlive/texmf-dist/fonts/type1/urw/times/utmb8a.pfb></usr/share/texlive/texmf-dist/fonts/type1/urw/times/utmbi8a.pfb></usr/share/texlive/texmf-dist/fonts/type1/urw/times/utmr8a.pfb></usr/share/texlive/texmf-dist/fonts/type1/urw/times/utmri8a.pfb>
Output written on /home/amm/Dropbox/SP23/ECE276B/ECE276B_PR2/report/conference_101719.pdf (10 pages, 4432905 bytes).
PDF statistics:
 151 PDF objects out of 1000 (max. 8388607)
 68 compressed objects within 1 object stream
 0 named destinations out of 1000 (max. 500000)
 141 words of extra memory for PDF output out of 10000 (max. 10000000)

